# JRE version: Java(TM) SE Runtime Environment (17.0.4.1+1) (build 17.0.4.1+1-LTS-2)
# Java VM: Java HotSpot(TM) 64-Bit Server VM (17.0.4.1+1-LTS-2, mixed mode, sharing, tiered, compressed oops, compressed class ptrs, g1 gc, windows-amd64)
GC Precious Log:
 CPUs: 12 total, 12 available
 Memory: 16235M
 Large Page Support: Disabled
 NUMA Support: Disabled
 Compressed Oops: Enabled (Zero based)
 Heap Region Size: 2M
 Heap Min Capacity: 8M
 Heap Initial Capacity: 254M
 Heap Max Capacity: 4060M
 Pre-touch: Disabled
 Parallel Workers: 10
 Concurrent Workers: 3
 Concurrent Refinement Workers: 10
 Periodic GC: Disabled
Heap:
 garbage-first heap   total 1175552K, used 852474K [0x0000000702400000, 0x0000000800000000)
  region size 2048K, 178 young (364544K), 1 survivors (2048K)
 Metaspace       used 29895K, committed 30336K, reserved 1081344K
  class space    used 3661K, committed 3904K, reserved 1048576K
GC Heap History (20 events):
Event: 47.441 GC heap before
{Heap before GC invocations=67 (full 0):
 garbage-first heap   total 1400832K, used 634943K [0x0000000702400000, 0x0000000800000000)
  region size 2048K, 2 young (4096K), 1 survivors (2048K)
 Metaspace       used 29868K, committed 30336K, reserved 1081344K
  class space    used 3661K, committed 3904K, reserved 1048576K
}
Event: 47.441 GC heap after
{Heap after GC invocations=68 (full 0):
 garbage-first heap   total 1400832K, used 632856K [0x0000000702400000, 0x0000000800000000)
  region size 2048K, 1 young (2048K), 1 survivors (2048K)
 Metaspace       used 29868K, committed 30336K, reserved 1081344K
  class space    used 3661K, committed 3904K, reserved 1048576K
}
Event: 47.507 GC heap before
{Heap before GC invocations=69 (full 0):
 garbage-first heap   total 587776K, used 264216K [0x0000000702400000, 0x0000000800000000)
  region size 2048K, 2 young (4096K), 1 survivors (2048K)
 Metaspace       used 29868K, committed 30336K, reserved 1081344K
  class space    used 3661K, committed 3904K, reserved 1048576K
}
Event: 47.508 GC heap after
{Heap after GC invocations=70 (full 0):
 garbage-first heap   total 587776K, used 245798K [0x0000000702400000, 0x0000000800000000)
  region size 2048K, 1 young (2048K), 1 survivors (2048K)
 Metaspace       used 29868K, committed 30336K, reserved 1081344K
  class space    used 3661K, committed 3904K, reserved 1048576K
}
Event: 47.516 GC heap before
{Heap before GC invocations=70 (full 0):
 garbage-first heap   total 587776K, used 256038K [0x0000000702400000, 0x0000000800000000)
  region size 2048K, 2 young (4096K), 1 survivors (2048K)
 Metaspace       used 29868K, committed 30336K, reserved 1081344K
  class space    used 3661K, committed 3904K, reserved 1048576K
}
Event: 47.517 GC heap after
{Heap after GC invocations=71 (full 0):
 garbage-first heap   total 587776K, used 253980K [0x0000000702400000, 0x0000000800000000)
  region size 2048K, 1 young (2048K), 1 survivors (2048K)
 Metaspace       used 29868K, committed 30336K, reserved 1081344K
  class space    used 3661K, committed 3904K, reserved 1048576K
}
Event: 47.518 GC heap before
{Heap before GC invocations=71 (full 0):
 garbage-first heap   total 587776K, used 262172K [0x0000000702400000, 0x0000000800000000)
  region size 2048K, 2 young (4096K), 1 survivors (2048K)
 Metaspace       used 29868K, committed 30336K, reserved 1081344K
  class space    used 3661K, committed 3904K, reserved 1048576K
}
Event: 47.519 GC heap after
{Heap after GC invocations=72 (full 0):
 garbage-first heap   total 587776K, used 260144K [0x0000000702400000, 0x0000000800000000)
  region size 2048K, 1 young (2048K), 1 survivors (2048K)
 Metaspace       used 29868K, committed 30336K, reserved 1081344K
  class space    used 3661K, committed 3904K, reserved 1048576K
}
Event: 47.524 GC heap before
{Heap before GC invocations=72 (full 0):
 garbage-first heap   total 587776K, used 262192K [0x0000000702400000, 0x0000000800000000)
  region size 2048K, 2 young (4096K), 1 survivors (2048K)
 Metaspace       used 29868K, committed 30336K, reserved 1081344K
  class space    used 3661K, committed 3904K, reserved 1048576K
}
Event: 47.525 GC heap after
{Heap after GC invocations=73 (full 0):
 garbage-first heap   total 587776K, used 262179K [0x0000000702400000, 0x0000000800000000)
  region size 2048K, 1 young (2048K), 1 survivors (2048K)
 Metaspace       used 29868K, committed 30336K, reserved 1081344K
  class space    used 3661K, committed 3904K, reserved 1048576K
}
Event: 47.526 GC heap before
{Heap before GC invocations=73 (full 0):
 garbage-first heap   total 587776K, used 270371K [0x0000000702400000, 0x0000000800000000)
  region size 2048K, 2 young (4096K), 1 survivors (2048K)
 Metaspace       used 29868K, committed 30336K, reserved 1081344K
  class space    used 3661K, committed 3904K, reserved 1048576K
}
Event: 47.531 GC heap after
{Heap after GC invocations=74 (full 0):
 garbage-first heap   total 1175552K, used 268325K [0x0000000702400000, 0x0000000800000000)
  region size 2048K, 1 young (2048K), 1 survivors (2048K)
 Metaspace       used 29868K, committed 30336K, reserved 1081344K
  class space    used 3661K, committed 3904K, reserved 1048576K
}
Event: 48.744 GC heap before
{Heap before GC invocations=74 (full 0):
 garbage-first heap   total 1175552K, used 888869K [0x0000000702400000, 0x0000000800000000)
  region size 2048K, 181 young (370688K), 1 survivors (2048K)
 Metaspace       used 29880K, committed 30336K, reserved 1081344K
  class space    used 3661K, committed 3904K, reserved 1048576K
}
Event: 48.745 GC heap after
{Heap after GC invocations=75 (full 0):
 garbage-first heap   total 1175552K, used 481374K [0x0000000702400000, 0x0000000800000000)
  region size 2048K, 1 young (2048K), 1 survivors (2048K)
 Metaspace       used 29880K, committed 30336K, reserved 1081344K
  class space    used 3661K, committed 3904K, reserved 1048576K
}
Event: 48.889 GC heap before
{Heap before GC invocations=75 (full 0):
 garbage-first heap   total 1175552K, used 747614K [0x0000000702400000, 0x0000000800000000)
  region size 2048K, 114 young (233472K), 1 survivors (2048K)
 Metaspace       used 29880K, committed 30336K, reserved 1081344K
  class space    used 3661K, committed 3904K, reserved 1048576K
}
Event: 48.891 GC heap after
{Heap after GC invocations=76 (full 0):
 garbage-first heap   total 1175552K, used 43223K [0x0000000702400000, 0x0000000800000000)
  region size 2048K, 1 young (2048K), 1 survivors (2048K)
 Metaspace       used 29880K, committed 30336K, reserved 1081344K
  class space    used 3661K, committed 3904K, reserved 1048576K
}
Event: 49.170 GC heap before
{Heap before GC invocations=76 (full 0):
 garbage-first heap   total 1175552K, used 540887K [0x0000000702400000, 0x0000000800000000)
  region size 2048K, 10 young (20480K), 1 survivors (2048K)
 Metaspace       used 29880K, committed 30336K, reserved 1081344K
  class space    used 3661K, committed 3904K, reserved 1048576K
}
Event: 49.171 GC heap after
{Heap after GC invocations=77 (full 0):
 garbage-first heap   total 1175552K, used 454875K [0x0000000702400000, 0x0000000800000000)
  region size 2048K, 1 young (2048K), 1 survivors (2048K)
 Metaspace       used 29880K, committed 30336K, reserved 1081344K
  class space    used 3661K, committed 3904K, reserved 1048576K
}
Event: 49.867 GC heap before
{Heap before GC invocations=77 (full 0):
 garbage-first heap   total 1175552K, used 794843K [0x0000000702400000, 0x0000000800000000)
  region size 2048K, 134 young (274432K), 1 survivors (2048K)
 Metaspace       used 29889K, committed 30336K, reserved 1081344K
  class space    used 3661K, committed 3904K, reserved 1048576K
}
Event: 49.868 GC heap after
{Heap after GC invocations=78 (full 0):
 garbage-first heap   total 1175552K, used 483834K [0x0000000702400000, 0x0000000800000000)
  region size 2048K, 1 young (2048K), 1 survivors (2048K)
 Metaspace       used 29889K, committed 30336K, reserved 1081344K
  class space    used 3661K, committed 3904K, reserved 1048576K
}

